<?xml version="1.0" encoding="UTF-8"?>
<testsuite xmlns:xsi="http://www.w3.org/2001/XMLSchema-instance" xsi:noNamespaceSchemaLocation="https://maven.apache.org/surefire/maven-surefire-plugin/xsd/surefire-test-report-3.0.xsd" version="3.0" name="stepdefs.TestRunner" time="71.862" tests="5" errors="5" skipped="0" failures="0">
  <properties>
[...]
</properties>
  <testcase name="Validate the login failure scenario" classname="This feature will validate the login scenario of Simplilearn.com" time="17.292">
    <error message="Element &lt;input id=&quot;btn_login&quot; name=&quot;btn_login&quot; type=&quot;hidden&quot;&gt; could not be scrolled into view&#10;Build info: version: &apos;4.21.0&apos;, revision: &apos;79ed462ef4&apos;&#10;System info: os.name: &apos;Mac OS X&apos;, os.arch: &apos;x86_64&apos;, os.version: &apos;14.6.1&apos;, java.version: &apos;17.0.11&apos;&#10;Driver info: org.openqa.selenium.firefox.FirefoxDriver&#10;Command: [050fdc8b-7098-40ae-b266-e2ce210a9514, clickElement {id=4af86f5f-0511-4147-875c-586925bdb0fa}]&#10;Capabilities {acceptInsecureCerts: true, browserName: firefox, browserVersion: 129.0.2, moz:accessibilityChecks: false, moz:buildID: 20240819150008, moz:geckodriverVersion: 0.35.0, moz:headless: false, moz:platformVersion: 23.6.0, moz:processID: 61900, moz:profile: /var/folders/4z/44gg19n553v..., moz:shutdownTimeout: 60000, moz:webdriverClick: true, moz:windowless: false, pageLoadStrategy: normal, platformName: mac, proxy: Proxy(), setWindowRect: true, strictFileInteractability: false, timeouts: {implicit: 0, pageLoad: 300000, script: 30000}, unhandledPromptBehavior: dismiss and notify, userAgent: Mozilla/5.0 (Macintosh; Int...}&#10;Element: [[FirefoxDriver: firefox on mac (050fdc8b-7098-40ae-b266-e2ce210a9514)] -&gt; name: btn_login]&#10;Session ID: 050fdc8b-7098-40ae-b266-e2ce210a9514" type="org.openqa.selenium.ElementNotInteractableException"><![CDATA[org.openqa.selenium.ElementNotInteractableException: 
Element <input id="btn_login" name="btn_login" type="hidden"> could not be scrolled into view
Build info: version: '4.21.0', revision: '79ed462ef4'
System info: os.name: 'Mac OS X', os.arch: 'x86_64', os.version: '14.6.1', java.version: '17.0.11'
Driver info: org.openqa.selenium.firefox.FirefoxDriver
Command: [050fdc8b-7098-40ae-b266-e2ce210a9514, clickElement {id=4af86f5f-0511-4147-875c-586925bdb0fa}]
Capabilities {acceptInsecureCerts: true, browserName: firefox, browserVersion: 129.0.2, moz:accessibilityChecks: false, moz:buildID: 20240819150008, moz:geckodriverVersion: 0.35.0, moz:headless: false, moz:platformVersion: 23.6.0, moz:processID: 61900, moz:profile: /var/folders/4z/44gg19n553v..., moz:shutdownTimeout: 60000, moz:webdriverClick: true, moz:windowless: false, pageLoadStrategy: normal, platformName: mac, proxy: Proxy(), setWindowRect: true, strictFileInteractability: false, timeouts: {implicit: 0, pageLoad: 300000, script: 30000}, unhandledPromptBehavior: dismiss and notify, userAgent: Mozilla/5.0 (Macintosh; Int...}
Element: [[FirefoxDriver: firefox on mac (050fdc8b-7098-40ae-b266-e2ce210a9514)] -> name: btn_login]
Session ID: 050fdc8b-7098-40ae-b266-e2ce210a9514
	at java.base/jdk.internal.reflect.NativeConstructorAccessorImpl.newInstance0(Native Method)
	at java.base/jdk.internal.reflect.NativeConstructorAccessorImpl.newInstance(NativeConstructorAccessorImpl.java:77)
	at java.base/jdk.internal.reflect.DelegatingConstructorAccessorImpl.newInstance(DelegatingConstructorAccessorImpl.java:45)
	at java.base/java.lang.reflect.Constructor.newInstanceWithCaller(Constructor.java:499)
	at java.base/java.lang.reflect.Constructor.newInstance(Constructor.java:480)
	at org.openqa.selenium.remote.ErrorCodec.decode(ErrorCodec.java:167)
	at org.openqa.selenium.remote.codec.w3c.W3CHttpResponseCodec.decode(W3CHttpResponseCodec.java:138)
	at org.openqa.selenium.remote.codec.w3c.W3CHttpResponseCodec.decode(W3CHttpResponseCodec.java:50)
	at org.openqa.selenium.remote.HttpCommandExecutor.execute(HttpCommandExecutor.java:190)
	at org.openqa.selenium.remote.service.DriverCommandExecutor.invokeExecute(DriverCommandExecutor.java:216)
	at org.openqa.selenium.remote.service.DriverCommandExecutor.execute(DriverCommandExecutor.java:174)
	at org.openqa.selenium.remote.RemoteWebDriver.execute(RemoteWebDriver.java:518)
	at org.openqa.selenium.remote.RemoteWebElement.execute(RemoteWebElement.java:223)
	at org.openqa.selenium.remote.RemoteWebElement.click(RemoteWebElement.java:76)
	at stepdefs.LoginStepDefs.i_click_on_the_login_button(LoginStepDefs.java:53)
	at ✽.I click on the login button(file:///Users/asitkaran/eclipse-workspace/CucumberProject/src/test/java/features/SimplilearnLogin.feature:9)
]]></error>
    <system-out><![CDATA[
@Simplilearn
Scenario: Validate the login failure scenario                                                 # src/test/java/features/SimplilearnLogin.feature:4
  Given I have launched the application                                                       # stepdefs.LoginStepDefs.i_have_launched_the_application()
  And I click on the Login link                                                               # stepdefs.LoginStepDefs.i_click_on_the_login_link()
  When I enter the user name                                                                  # stepdefs.LoginStepDefs.i_enter_the_user_name()
  And I enter the password                                                                    # stepdefs.LoginStepDefs.i_enter_the_password()
  And I click on the login button                                                             # stepdefs.LoginStepDefs.i_click_on_the_login_button()
      org.openqa.selenium.ElementNotInteractableException: Element <input id="btn_login" name="btn_login" type="hidden"> could not be scrolled into view
Build info: version: '4.21.0', revision: '79ed462ef4'
System info: os.name: 'Mac OS X', os.arch: 'x86_64', os.version: '14.6.1', java.version: '17.0.11'
Driver info: org.openqa.selenium.firefox.FirefoxDriver
Command: [050fdc8b-7098-40ae-b266-e2ce210a9514, clickElement {id=4af86f5f-0511-4147-875c-586925bdb0fa}]
Capabilities {acceptInsecureCerts: true, browserName: firefox, browserVersion: 129.0.2, moz:accessibilityChecks: false, moz:buildID: 20240819150008, moz:geckodriverVersion: 0.35.0, moz:headless: false, moz:platformVersion: 23.6.0, moz:processID: 61900, moz:profile: /var/folders/4z/44gg19n553v..., moz:shutdownTimeout: 60000, moz:webdriverClick: true, moz:windowless: false, pageLoadStrategy: normal, platformName: mac, proxy: Proxy(), setWindowRect: true, strictFileInteractability: false, timeouts: {implicit: 0, pageLoad: 300000, script: 30000}, unhandledPromptBehavior: dismiss and notify, userAgent: Mozilla/5.0 (Macintosh; Int...}
Element: [[FirefoxDriver: firefox on mac (050fdc8b-7098-40ae-b266-e2ce210a9514)] -> name: btn_login]
Session ID: 050fdc8b-7098-40ae-b266-e2ce210a9514
	at java.base/jdk.internal.reflect.NativeConstructorAccessorImpl.newInstance0(Native Method)
	at java.base/jdk.internal.reflect.NativeConstructorAccessorImpl.newInstance(NativeConstructorAccessorImpl.java:77)
	at java.base/jdk.internal.reflect.DelegatingConstructorAccessorImpl.newInstance(DelegatingConstructorAccessorImpl.java:45)
	at java.base/java.lang.reflect.Constructor.newInstanceWithCaller(Constructor.java:499)
	at java.base/java.lang.reflect.Constructor.newInstance(Constructor.java:480)
	at org.openqa.selenium.remote.ErrorCodec.decode(ErrorCodec.java:167)
	at org.openqa.selenium.remote.codec.w3c.W3CHttpResponseCodec.decode(W3CHttpResponseCodec.java:138)
	at org.openqa.selenium.remote.codec.w3c.W3CHttpResponseCodec.decode(W3CHttpResponseCodec.java:50)
	at org.openqa.selenium.remote.HttpCommandExecutor.execute(HttpCommandExecutor.java:190)
	at org.openqa.selenium.remote.service.DriverCommandExecutor.invokeExecute(DriverCommandExecutor.java:216)
	at org.openqa.selenium.remote.service.DriverCommandExecutor.execute(DriverCommandExecutor.java:174)
	at org.openqa.selenium.remote.RemoteWebDriver.execute(RemoteWebDriver.java:518)
	at org.openqa.selenium.remote.RemoteWebElement.execute(RemoteWebElement.java:223)
	at org.openqa.selenium.remote.RemoteWebElement.click(RemoteWebElement.java:76)
	at stepdefs.LoginStepDefs.i_click_on_the_login_button(LoginStepDefs.java:53)
	at ✽.I click on the login button(file:///Users/asitkaran/eclipse-workspace/CucumberProject/src/test/java/features/SimplilearnLogin.feature:9)

  Then I should get the error message as "The email or password you have entered is invalid." # stepdefs.LoginStepDefs.i_should_get_the_error_message_as(java.lang.String)
]]></system-out>
    <system-err><![CDATA[Nov 17, 2024 3:02:20 PM io.cucumber.junit.Cucumber <init>
WARNING: By default Cucumber is running in --non-strict mode.
This default will change to --strict and --non-strict will be removed.
You can use --strict or @CucumberOptions(strict = true) to suppress this warning
]]></system-err>
  </testcase>
  <testcase name="Validate the Login failure scenario using parameters" classname="This feature will validate the login scenario of Simplilearn.com" time="11.959">
    <error message="Element &lt;input id=&quot;btn_login&quot; name=&quot;btn_login&quot; type=&quot;hidden&quot;&gt; could not be scrolled into view&#10;Build info: version: &apos;4.21.0&apos;, revision: &apos;79ed462ef4&apos;&#10;System info: os.name: &apos;Mac OS X&apos;, os.arch: &apos;x86_64&apos;, os.version: &apos;14.6.1&apos;, java.version: &apos;17.0.11&apos;&#10;Driver info: org.openqa.selenium.firefox.FirefoxDriver&#10;Command: [a255fb4e-6488-4482-984b-6b3c4d0ff3a2, clickElement {id=71247e9e-7069-4c50-9514-712edec683bc}]&#10;Capabilities {acceptInsecureCerts: true, browserName: firefox, browserVersion: 129.0.2, moz:accessibilityChecks: false, moz:buildID: 20240819150008, moz:geckodriverVersion: 0.35.0, moz:headless: false, moz:platformVersion: 23.6.0, moz:processID: 61965, moz:profile: /var/folders/4z/44gg19n553v..., moz:shutdownTimeout: 60000, moz:webdriverClick: true, moz:windowless: false, pageLoadStrategy: normal, platformName: mac, proxy: Proxy(), setWindowRect: true, strictFileInteractability: false, timeouts: {implicit: 0, pageLoad: 300000, script: 30000}, unhandledPromptBehavior: dismiss and notify, userAgent: Mozilla/5.0 (Macintosh; Int...}&#10;Element: [[FirefoxDriver: firefox on mac (a255fb4e-6488-4482-984b-6b3c4d0ff3a2)] -&gt; name: btn_login]&#10;Session ID: a255fb4e-6488-4482-984b-6b3c4d0ff3a2" type="org.openqa.selenium.ElementNotInteractableException"><![CDATA[org.openqa.selenium.ElementNotInteractableException: 
Element <input id="btn_login" name="btn_login" type="hidden"> could not be scrolled into view
Build info: version: '4.21.0', revision: '79ed462ef4'
System info: os.name: 'Mac OS X', os.arch: 'x86_64', os.version: '14.6.1', java.version: '17.0.11'
Driver info: org.openqa.selenium.firefox.FirefoxDriver
Command: [a255fb4e-6488-4482-984b-6b3c4d0ff3a2, clickElement {id=71247e9e-7069-4c50-9514-712edec683bc}]
Capabilities {acceptInsecureCerts: true, browserName: firefox, browserVersion: 129.0.2, moz:accessibilityChecks: false, moz:buildID: 20240819150008, moz:geckodriverVersion: 0.35.0, moz:headless: false, moz:platformVersion: 23.6.0, moz:processID: 61965, moz:profile: /var/folders/4z/44gg19n553v..., moz:shutdownTimeout: 60000, moz:webdriverClick: true, moz:windowless: false, pageLoadStrategy: normal, platformName: mac, proxy: Proxy(), setWindowRect: true, strictFileInteractability: false, timeouts: {implicit: 0, pageLoad: 300000, script: 30000}, unhandledPromptBehavior: dismiss and notify, userAgent: Mozilla/5.0 (Macintosh; Int...}
Element: [[FirefoxDriver: firefox on mac (a255fb4e-6488-4482-984b-6b3c4d0ff3a2)] -> name: btn_login]
Session ID: a255fb4e-6488-4482-984b-6b3c4d0ff3a2
	at java.base/jdk.internal.reflect.NativeConstructorAccessorImpl.newInstance0(Native Method)
	at java.base/jdk.internal.reflect.NativeConstructorAccessorImpl.newInstance(NativeConstructorAccessorImpl.java:77)
	at java.base/jdk.internal.reflect.DelegatingConstructorAccessorImpl.newInstance(DelegatingConstructorAccessorImpl.java:45)
	at java.base/java.lang.reflect.Constructor.newInstanceWithCaller(Constructor.java:499)
	at java.base/java.lang.reflect.Constructor.newInstance(Constructor.java:480)
	at org.openqa.selenium.remote.ErrorCodec.decode(ErrorCodec.java:167)
	at org.openqa.selenium.remote.codec.w3c.W3CHttpResponseCodec.decode(W3CHttpResponseCodec.java:138)
	at org.openqa.selenium.remote.codec.w3c.W3CHttpResponseCodec.decode(W3CHttpResponseCodec.java:50)
	at org.openqa.selenium.remote.HttpCommandExecutor.execute(HttpCommandExecutor.java:190)
	at org.openqa.selenium.remote.service.DriverCommandExecutor.invokeExecute(DriverCommandExecutor.java:216)
	at org.openqa.selenium.remote.service.DriverCommandExecutor.execute(DriverCommandExecutor.java:174)
	at org.openqa.selenium.remote.RemoteWebDriver.execute(RemoteWebDriver.java:518)
	at org.openqa.selenium.remote.RemoteWebElement.execute(RemoteWebElement.java:223)
	at org.openqa.selenium.remote.RemoteWebElement.click(RemoteWebElement.java:76)
	at stepdefs.LoginStepDefs.i_click_on_the_login_button(LoginStepDefs.java:53)
	at ✽.I click on the login button(file:///Users/asitkaran/eclipse-workspace/CucumberProject/src/test/java/features/SimplilearnLogin.feature:18)
]]></error>
    <system-out><![CDATA[
@Simplilearn @Regression
Scenario: Validate the Login failure scenario using parameters                                # src/test/java/features/SimplilearnLogin.feature:13
  Given I have launched the application                                                       # stepdefs.LoginStepDefs.i_have_launched_the_application()
  And I click on the Login link                                                               # stepdefs.LoginStepDefs.i_click_on_the_login_link()
  When I enter the user name as "abc@xyz.com"                                                 # stepdefs.LoginStepDefs.i_enter_the_user_name_as(java.lang.String)
  And I enter the password as "Abc@1234"                                                      # stepdefs.LoginStepDefs.i_enter_the_password_as(java.lang.String)
  And I click on the login button                                                             # stepdefs.LoginStepDefs.i_click_on_the_login_button()
      org.openqa.selenium.ElementNotInteractableException: Element <input id="btn_login" name="btn_login" type="hidden"> could not be scrolled into view
Build info: version: '4.21.0', revision: '79ed462ef4'
System info: os.name: 'Mac OS X', os.arch: 'x86_64', os.version: '14.6.1', java.version: '17.0.11'
Driver info: org.openqa.selenium.firefox.FirefoxDriver
Command: [a255fb4e-6488-4482-984b-6b3c4d0ff3a2, clickElement {id=71247e9e-7069-4c50-9514-712edec683bc}]
Capabilities {acceptInsecureCerts: true, browserName: firefox, browserVersion: 129.0.2, moz:accessibilityChecks: false, moz:buildID: 20240819150008, moz:geckodriverVersion: 0.35.0, moz:headless: false, moz:platformVersion: 23.6.0, moz:processID: 61965, moz:profile: /var/folders/4z/44gg19n553v..., moz:shutdownTimeout: 60000, moz:webdriverClick: true, moz:windowless: false, pageLoadStrategy: normal, platformName: mac, proxy: Proxy(), setWindowRect: true, strictFileInteractability: false, timeouts: {implicit: 0, pageLoad: 300000, script: 30000}, unhandledPromptBehavior: dismiss and notify, userAgent: Mozilla/5.0 (Macintosh; Int...}
Element: [[FirefoxDriver: firefox on mac (a255fb4e-6488-4482-984b-6b3c4d0ff3a2)] -> name: btn_login]
Session ID: a255fb4e-6488-4482-984b-6b3c4d0ff3a2
	at java.base/jdk.internal.reflect.NativeConstructorAccessorImpl.newInstance0(Native Method)
	at java.base/jdk.internal.reflect.NativeConstructorAccessorImpl.newInstance(NativeConstructorAccessorImpl.java:77)
	at java.base/jdk.internal.reflect.DelegatingConstructorAccessorImpl.newInstance(DelegatingConstructorAccessorImpl.java:45)
	at java.base/java.lang.reflect.Constructor.newInstanceWithCaller(Constructor.java:499)
	at java.base/java.lang.reflect.Constructor.newInstance(Constructor.java:480)
	at org.openqa.selenium.remote.ErrorCodec.decode(ErrorCodec.java:167)
	at org.openqa.selenium.remote.codec.w3c.W3CHttpResponseCodec.decode(W3CHttpResponseCodec.java:138)
	at org.openqa.selenium.remote.codec.w3c.W3CHttpResponseCodec.decode(W3CHttpResponseCodec.java:50)
	at org.openqa.selenium.remote.HttpCommandExecutor.execute(HttpCommandExecutor.java:190)
	at org.openqa.selenium.remote.service.DriverCommandExecutor.invokeExecute(DriverCommandExecutor.java:216)
	at org.openqa.selenium.remote.service.DriverCommandExecutor.execute(DriverCommandExecutor.java:174)
	at org.openqa.selenium.remote.RemoteWebDriver.execute(RemoteWebDriver.java:518)
	at org.openqa.selenium.remote.RemoteWebElement.execute(RemoteWebElement.java:223)
	at org.openqa.selenium.remote.RemoteWebElement.click(RemoteWebElement.java:76)
	at stepdefs.LoginStepDefs.i_click_on_the_login_button(LoginStepDefs.java:53)
	at ✽.I click on the login button(file:///Users/asitkaran/eclipse-workspace/CucumberProject/src/test/java/features/SimplilearnLogin.feature:18)

  Then I should get the error message as "The email or password you have entered is invalid." # stepdefs.LoginStepDefs.i_should_get_the_error_message_as(java.lang.String)
]]></system-out>
  </testcase>
  <testcase name="Validate the Login failure scenario with scenario outline" classname="This feature will validate the login scenario of Simplilearn.com" time="10.845">
    <error message="Element &lt;input id=&quot;btn_login&quot; name=&quot;btn_login&quot; type=&quot;hidden&quot;&gt; could not be scrolled into view&#10;Build info: version: &apos;4.21.0&apos;, revision: &apos;79ed462ef4&apos;&#10;System info: os.name: &apos;Mac OS X&apos;, os.arch: &apos;x86_64&apos;, os.version: &apos;14.6.1&apos;, java.version: &apos;17.0.11&apos;&#10;Driver info: org.openqa.selenium.firefox.FirefoxDriver&#10;Command: [9cfcc6a0-78be-44a0-a6a7-0b1b98df64ed, clickElement {id=44214602-784c-4d04-99cb-4eea68b3f6c3}]&#10;Capabilities {acceptInsecureCerts: true, browserName: firefox, browserVersion: 129.0.2, moz:accessibilityChecks: false, moz:buildID: 20240819150008, moz:geckodriverVersion: 0.35.0, moz:headless: false, moz:platformVersion: 23.6.0, moz:processID: 62032, moz:profile: /var/folders/4z/44gg19n553v..., moz:shutdownTimeout: 60000, moz:webdriverClick: true, moz:windowless: false, pageLoadStrategy: normal, platformName: mac, proxy: Proxy(), setWindowRect: true, strictFileInteractability: false, timeouts: {implicit: 0, pageLoad: 300000, script: 30000}, unhandledPromptBehavior: dismiss and notify, userAgent: Mozilla/5.0 (Macintosh; Int...}&#10;Element: [[FirefoxDriver: firefox on mac (9cfcc6a0-78be-44a0-a6a7-0b1b98df64ed)] -&gt; name: btn_login]&#10;Session ID: 9cfcc6a0-78be-44a0-a6a7-0b1b98df64ed" type="org.openqa.selenium.ElementNotInteractableException"><![CDATA[org.openqa.selenium.ElementNotInteractableException: 
Element <input id="btn_login" name="btn_login" type="hidden"> could not be scrolled into view
Build info: version: '4.21.0', revision: '79ed462ef4'
System info: os.name: 'Mac OS X', os.arch: 'x86_64', os.version: '14.6.1', java.version: '17.0.11'
Driver info: org.openqa.selenium.firefox.FirefoxDriver
Command: [9cfcc6a0-78be-44a0-a6a7-0b1b98df64ed, clickElement {id=44214602-784c-4d04-99cb-4eea68b3f6c3}]
Capabilities {acceptInsecureCerts: true, browserName: firefox, browserVersion: 129.0.2, moz:accessibilityChecks: false, moz:buildID: 20240819150008, moz:geckodriverVersion: 0.35.0, moz:headless: false, moz:platformVersion: 23.6.0, moz:processID: 62032, moz:profile: /var/folders/4z/44gg19n553v..., moz:shutdownTimeout: 60000, moz:webdriverClick: true, moz:windowless: false, pageLoadStrategy: normal, platformName: mac, proxy: Proxy(), setWindowRect: true, strictFileInteractability: false, timeouts: {implicit: 0, pageLoad: 300000, script: 30000}, unhandledPromptBehavior: dismiss and notify, userAgent: Mozilla/5.0 (Macintosh; Int...}
Element: [[FirefoxDriver: firefox on mac (9cfcc6a0-78be-44a0-a6a7-0b1b98df64ed)] -> name: btn_login]
Session ID: 9cfcc6a0-78be-44a0-a6a7-0b1b98df64ed
	at java.base/jdk.internal.reflect.NativeConstructorAccessorImpl.newInstance0(Native Method)
	at java.base/jdk.internal.reflect.NativeConstructorAccessorImpl.newInstance(NativeConstructorAccessorImpl.java:77)
	at java.base/jdk.internal.reflect.DelegatingConstructorAccessorImpl.newInstance(DelegatingConstructorAccessorImpl.java:45)
	at java.base/java.lang.reflect.Constructor.newInstanceWithCaller(Constructor.java:499)
	at java.base/java.lang.reflect.Constructor.newInstance(Constructor.java:480)
	at org.openqa.selenium.remote.ErrorCodec.decode(ErrorCodec.java:167)
	at org.openqa.selenium.remote.codec.w3c.W3CHttpResponseCodec.decode(W3CHttpResponseCodec.java:138)
	at org.openqa.selenium.remote.codec.w3c.W3CHttpResponseCodec.decode(W3CHttpResponseCodec.java:50)
	at org.openqa.selenium.remote.HttpCommandExecutor.execute(HttpCommandExecutor.java:190)
	at org.openqa.selenium.remote.service.DriverCommandExecutor.invokeExecute(DriverCommandExecutor.java:216)
	at org.openqa.selenium.remote.service.DriverCommandExecutor.execute(DriverCommandExecutor.java:174)
	at org.openqa.selenium.remote.RemoteWebDriver.execute(RemoteWebDriver.java:518)
	at org.openqa.selenium.remote.RemoteWebElement.execute(RemoteWebElement.java:223)
	at org.openqa.selenium.remote.RemoteWebElement.click(RemoteWebElement.java:76)
	at stepdefs.LoginStepDefs.i_click_on_the_login_button(LoginStepDefs.java:53)
	at ✽.I click on the login button(file:///Users/asitkaran/eclipse-workspace/CucumberProject/src/test/java/features/SimplilearnLogin.feature:26)
]]></error>
    <system-out><![CDATA[
@Simplilearn
Scenario Outline: Validate the Login failure scenario with scenario outline                   # src/test/java/features/SimplilearnLogin.feature:31
  Given I have launched the application                                                       # stepdefs.LoginStepDefs.i_have_launched_the_application()
  And I click on the Login link                                                               # stepdefs.LoginStepDefs.i_click_on_the_login_link()
  When I enter the user name as "abc@xyz.com"                                                 # stepdefs.LoginStepDefs.i_enter_the_user_name_as(java.lang.String)
  And I enter the password as "Abc@1234"                                                      # stepdefs.LoginStepDefs.i_enter_the_password_as(java.lang.String)
  And I click on the login button                                                             # stepdefs.LoginStepDefs.i_click_on_the_login_button()
      org.openqa.selenium.ElementNotInteractableException: Element <input id="btn_login" name="btn_login" type="hidden"> could not be scrolled into view
Build info: version: '4.21.0', revision: '79ed462ef4'
System info: os.name: 'Mac OS X', os.arch: 'x86_64', os.version: '14.6.1', java.version: '17.0.11'
Driver info: org.openqa.selenium.firefox.FirefoxDriver
Command: [9cfcc6a0-78be-44a0-a6a7-0b1b98df64ed, clickElement {id=44214602-784c-4d04-99cb-4eea68b3f6c3}]
Capabilities {acceptInsecureCerts: true, browserName: firefox, browserVersion: 129.0.2, moz:accessibilityChecks: false, moz:buildID: 20240819150008, moz:geckodriverVersion: 0.35.0, moz:headless: false, moz:platformVersion: 23.6.0, moz:processID: 62032, moz:profile: /var/folders/4z/44gg19n553v..., moz:shutdownTimeout: 60000, moz:webdriverClick: true, moz:windowless: false, pageLoadStrategy: normal, platformName: mac, proxy: Proxy(), setWindowRect: true, strictFileInteractability: false, timeouts: {implicit: 0, pageLoad: 300000, script: 30000}, unhandledPromptBehavior: dismiss and notify, userAgent: Mozilla/5.0 (Macintosh; Int...}
Element: [[FirefoxDriver: firefox on mac (9cfcc6a0-78be-44a0-a6a7-0b1b98df64ed)] -> name: btn_login]
Session ID: 9cfcc6a0-78be-44a0-a6a7-0b1b98df64ed
	at java.base/jdk.internal.reflect.NativeConstructorAccessorImpl.newInstance0(Native Method)
	at java.base/jdk.internal.reflect.NativeConstructorAccessorImpl.newInstance(NativeConstructorAccessorImpl.java:77)
	at java.base/jdk.internal.reflect.DelegatingConstructorAccessorImpl.newInstance(DelegatingConstructorAccessorImpl.java:45)
	at java.base/java.lang.reflect.Constructor.newInstanceWithCaller(Constructor.java:499)
	at java.base/java.lang.reflect.Constructor.newInstance(Constructor.java:480)
	at org.openqa.selenium.remote.ErrorCodec.decode(ErrorCodec.java:167)
	at org.openqa.selenium.remote.codec.w3c.W3CHttpResponseCodec.decode(W3CHttpResponseCodec.java:138)
	at org.openqa.selenium.remote.codec.w3c.W3CHttpResponseCodec.decode(W3CHttpResponseCodec.java:50)
	at org.openqa.selenium.remote.HttpCommandExecutor.execute(HttpCommandExecutor.java:190)
	at org.openqa.selenium.remote.service.DriverCommandExecutor.invokeExecute(DriverCommandExecutor.java:216)
	at org.openqa.selenium.remote.service.DriverCommandExecutor.execute(DriverCommandExecutor.java:174)
	at org.openqa.selenium.remote.RemoteWebDriver.execute(RemoteWebDriver.java:518)
	at org.openqa.selenium.remote.RemoteWebElement.execute(RemoteWebElement.java:223)
	at org.openqa.selenium.remote.RemoteWebElement.click(RemoteWebElement.java:76)
	at stepdefs.LoginStepDefs.i_click_on_the_login_button(LoginStepDefs.java:53)
	at ✽.I click on the login button(file:///Users/asitkaran/eclipse-workspace/CucumberProject/src/test/java/features/SimplilearnLogin.feature:26)

  Then I should get the error message as "The email or password you have entered is invalid." # stepdefs.LoginStepDefs.i_should_get_the_error_message_as(java.lang.String)
]]></system-out>
  </testcase>
  <testcase name="Validate the Login failure scenario with scenario outline" classname="This feature will validate the login scenario of Simplilearn.com" time="10.823">
    <error message="Element &lt;input id=&quot;btn_login&quot; name=&quot;btn_login&quot; type=&quot;hidden&quot;&gt; could not be scrolled into view&#10;Build info: version: &apos;4.21.0&apos;, revision: &apos;79ed462ef4&apos;&#10;System info: os.name: &apos;Mac OS X&apos;, os.arch: &apos;x86_64&apos;, os.version: &apos;14.6.1&apos;, java.version: &apos;17.0.11&apos;&#10;Driver info: org.openqa.selenium.firefox.FirefoxDriver&#10;Command: [9ce7ddb0-b5cd-4d31-b37c-913ec2a249bf, clickElement {id=f4417a0b-59de-40e0-88a8-a04f02117e13}]&#10;Capabilities {acceptInsecureCerts: true, browserName: firefox, browserVersion: 129.0.2, moz:accessibilityChecks: false, moz:buildID: 20240819150008, moz:geckodriverVersion: 0.35.0, moz:headless: false, moz:platformVersion: 23.6.0, moz:processID: 62099, moz:profile: /var/folders/4z/44gg19n553v..., moz:shutdownTimeout: 60000, moz:webdriverClick: true, moz:windowless: false, pageLoadStrategy: normal, platformName: mac, proxy: Proxy(), setWindowRect: true, strictFileInteractability: false, timeouts: {implicit: 0, pageLoad: 300000, script: 30000}, unhandledPromptBehavior: dismiss and notify, userAgent: Mozilla/5.0 (Macintosh; Int...}&#10;Element: [[FirefoxDriver: firefox on mac (9ce7ddb0-b5cd-4d31-b37c-913ec2a249bf)] -&gt; name: btn_login]&#10;Session ID: 9ce7ddb0-b5cd-4d31-b37c-913ec2a249bf" type="org.openqa.selenium.ElementNotInteractableException"><![CDATA[org.openqa.selenium.ElementNotInteractableException: 
Element <input id="btn_login" name="btn_login" type="hidden"> could not be scrolled into view
Build info: version: '4.21.0', revision: '79ed462ef4'
System info: os.name: 'Mac OS X', os.arch: 'x86_64', os.version: '14.6.1', java.version: '17.0.11'
Driver info: org.openqa.selenium.firefox.FirefoxDriver
Command: [9ce7ddb0-b5cd-4d31-b37c-913ec2a249bf, clickElement {id=f4417a0b-59de-40e0-88a8-a04f02117e13}]
Capabilities {acceptInsecureCerts: true, browserName: firefox, browserVersion: 129.0.2, moz:accessibilityChecks: false, moz:buildID: 20240819150008, moz:geckodriverVersion: 0.35.0, moz:headless: false, moz:platformVersion: 23.6.0, moz:processID: 62099, moz:profile: /var/folders/4z/44gg19n553v..., moz:shutdownTimeout: 60000, moz:webdriverClick: true, moz:windowless: false, pageLoadStrategy: normal, platformName: mac, proxy: Proxy(), setWindowRect: true, strictFileInteractability: false, timeouts: {implicit: 0, pageLoad: 300000, script: 30000}, unhandledPromptBehavior: dismiss and notify, userAgent: Mozilla/5.0 (Macintosh; Int...}
Element: [[FirefoxDriver: firefox on mac (9ce7ddb0-b5cd-4d31-b37c-913ec2a249bf)] -> name: btn_login]
Session ID: 9ce7ddb0-b5cd-4d31-b37c-913ec2a249bf
	at java.base/jdk.internal.reflect.NativeConstructorAccessorImpl.newInstance0(Native Method)
	at java.base/jdk.internal.reflect.NativeConstructorAccessorImpl.newInstance(NativeConstructorAccessorImpl.java:77)
	at java.base/jdk.internal.reflect.DelegatingConstructorAccessorImpl.newInstance(DelegatingConstructorAccessorImpl.java:45)
	at java.base/java.lang.reflect.Constructor.newInstanceWithCaller(Constructor.java:499)
	at java.base/java.lang.reflect.Constructor.newInstance(Constructor.java:480)
	at org.openqa.selenium.remote.ErrorCodec.decode(ErrorCodec.java:167)
	at org.openqa.selenium.remote.codec.w3c.W3CHttpResponseCodec.decode(W3CHttpResponseCodec.java:138)
	at org.openqa.selenium.remote.codec.w3c.W3CHttpResponseCodec.decode(W3CHttpResponseCodec.java:50)
	at org.openqa.selenium.remote.HttpCommandExecutor.execute(HttpCommandExecutor.java:190)
	at org.openqa.selenium.remote.service.DriverCommandExecutor.invokeExecute(DriverCommandExecutor.java:216)
	at org.openqa.selenium.remote.service.DriverCommandExecutor.execute(DriverCommandExecutor.java:174)
	at org.openqa.selenium.remote.RemoteWebDriver.execute(RemoteWebDriver.java:518)
	at org.openqa.selenium.remote.RemoteWebElement.execute(RemoteWebElement.java:223)
	at org.openqa.selenium.remote.RemoteWebElement.click(RemoteWebElement.java:76)
	at stepdefs.LoginStepDefs.i_click_on_the_login_button(LoginStepDefs.java:53)
	at ✽.I click on the login button(file:///Users/asitkaran/eclipse-workspace/CucumberProject/src/test/java/features/SimplilearnLogin.feature:26)
]]></error>
    <system-out><![CDATA[
@Simplilearn
Scenario Outline: Validate the Login failure scenario with scenario outline                   # src/test/java/features/SimplilearnLogin.feature:32
  Given I have launched the application                                                       # stepdefs.LoginStepDefs.i_have_launched_the_application()
  And I click on the Login link                                                               # stepdefs.LoginStepDefs.i_click_on_the_login_link()
  When I enter the user name as "pqr@xyz.com"                                                 # stepdefs.LoginStepDefs.i_enter_the_user_name_as(java.lang.String)
  And I enter the password as "Xyz@1324"                                                      # stepdefs.LoginStepDefs.i_enter_the_password_as(java.lang.String)
  And I click on the login button                                                             # stepdefs.LoginStepDefs.i_click_on_the_login_button()
      org.openqa.selenium.ElementNotInteractableException: Element <input id="btn_login" name="btn_login" type="hidden"> could not be scrolled into view
Build info: version: '4.21.0', revision: '79ed462ef4'
System info: os.name: 'Mac OS X', os.arch: 'x86_64', os.version: '14.6.1', java.version: '17.0.11'
Driver info: org.openqa.selenium.firefox.FirefoxDriver
Command: [9ce7ddb0-b5cd-4d31-b37c-913ec2a249bf, clickElement {id=f4417a0b-59de-40e0-88a8-a04f02117e13}]
Capabilities {acceptInsecureCerts: true, browserName: firefox, browserVersion: 129.0.2, moz:accessibilityChecks: false, moz:buildID: 20240819150008, moz:geckodriverVersion: 0.35.0, moz:headless: false, moz:platformVersion: 23.6.0, moz:processID: 62099, moz:profile: /var/folders/4z/44gg19n553v..., moz:shutdownTimeout: 60000, moz:webdriverClick: true, moz:windowless: false, pageLoadStrategy: normal, platformName: mac, proxy: Proxy(), setWindowRect: true, strictFileInteractability: false, timeouts: {implicit: 0, pageLoad: 300000, script: 30000}, unhandledPromptBehavior: dismiss and notify, userAgent: Mozilla/5.0 (Macintosh; Int...}
Element: [[FirefoxDriver: firefox on mac (9ce7ddb0-b5cd-4d31-b37c-913ec2a249bf)] -> name: btn_login]
Session ID: 9ce7ddb0-b5cd-4d31-b37c-913ec2a249bf
	at java.base/jdk.internal.reflect.NativeConstructorAccessorImpl.newInstance0(Native Method)
	at java.base/jdk.internal.reflect.NativeConstructorAccessorImpl.newInstance(NativeConstructorAccessorImpl.java:77)
	at java.base/jdk.internal.reflect.DelegatingConstructorAccessorImpl.newInstance(DelegatingConstructorAccessorImpl.java:45)
	at java.base/java.lang.reflect.Constructor.newInstanceWithCaller(Constructor.java:499)
	at java.base/java.lang.reflect.Constructor.newInstance(Constructor.java:480)
	at org.openqa.selenium.remote.ErrorCodec.decode(ErrorCodec.java:167)
	at org.openqa.selenium.remote.codec.w3c.W3CHttpResponseCodec.decode(W3CHttpResponseCodec.java:138)
	at org.openqa.selenium.remote.codec.w3c.W3CHttpResponseCodec.decode(W3CHttpResponseCodec.java:50)
	at org.openqa.selenium.remote.HttpCommandExecutor.execute(HttpCommandExecutor.java:190)
	at org.openqa.selenium.remote.service.DriverCommandExecutor.invokeExecute(DriverCommandExecutor.java:216)
	at org.openqa.selenium.remote.service.DriverCommandExecutor.execute(DriverCommandExecutor.java:174)
	at org.openqa.selenium.remote.RemoteWebDriver.execute(RemoteWebDriver.java:518)
	at org.openqa.selenium.remote.RemoteWebElement.execute(RemoteWebElement.java:223)
	at org.openqa.selenium.remote.RemoteWebElement.click(RemoteWebElement.java:76)
	at stepdefs.LoginStepDefs.i_click_on_the_login_button(LoginStepDefs.java:53)
	at ✽.I click on the login button(file:///Users/asitkaran/eclipse-workspace/CucumberProject/src/test/java/features/SimplilearnLogin.feature:26)

  Then I should get the error message as "The email or password you have entered is invalid." # stepdefs.LoginStepDefs.i_should_get_the_error_message_as(java.lang.String)
]]></system-out>
  </testcase>
  <testcase name="Validate the different login options present on the login screen" classname="This feature will validate the login scenario of Simplilearn.com" time="20.52">
    <error message="Unable to locate element: //span[text()=&apos;Google&apos;]&#10;For documentation on this error, please visit: https://www.selenium.dev/documentation/webdriver/troubleshooting/errors#no-such-element-exception&#10;Build info: version: &apos;4.21.0&apos;, revision: &apos;79ed462ef4&apos;&#10;System info: os.name: &apos;Mac OS X&apos;, os.arch: &apos;x86_64&apos;, os.version: &apos;14.6.1&apos;, java.version: &apos;17.0.11&apos;&#10;Driver info: org.openqa.selenium.firefox.FirefoxDriver&#10;Command: [f78d0898-8f10-4e66-9580-cd1fb14db415, findElement {using=xpath, value=//span[text()=&apos;Google&apos;]}]&#10;Capabilities {acceptInsecureCerts: true, browserName: firefox, browserVersion: 129.0.2, moz:accessibilityChecks: false, moz:buildID: 20240819150008, moz:geckodriverVersion: 0.35.0, moz:headless: false, moz:platformVersion: 23.6.0, moz:processID: 62166, moz:profile: /var/folders/4z/44gg19n553v..., moz:shutdownTimeout: 60000, moz:webdriverClick: true, moz:windowless: false, pageLoadStrategy: normal, platformName: mac, proxy: Proxy(), setWindowRect: true, strictFileInteractability: false, timeouts: {implicit: 0, pageLoad: 300000, script: 30000}, unhandledPromptBehavior: dismiss and notify, userAgent: Mozilla/5.0 (Macintosh; Int...}&#10;Session ID: f78d0898-8f10-4e66-9580-cd1fb14db415" type="org.openqa.selenium.NoSuchElementException"><![CDATA[org.openqa.selenium.NoSuchElementException: 
Unable to locate element: //span[text()='Google']
For documentation on this error, please visit: https://www.selenium.dev/documentation/webdriver/troubleshooting/errors#no-such-element-exception
Build info: version: '4.21.0', revision: '79ed462ef4'
System info: os.name: 'Mac OS X', os.arch: 'x86_64', os.version: '14.6.1', java.version: '17.0.11'
Driver info: org.openqa.selenium.firefox.FirefoxDriver
Command: [f78d0898-8f10-4e66-9580-cd1fb14db415, findElement {using=xpath, value=//span[text()='Google']}]
Capabilities {acceptInsecureCerts: true, browserName: firefox, browserVersion: 129.0.2, moz:accessibilityChecks: false, moz:buildID: 20240819150008, moz:geckodriverVersion: 0.35.0, moz:headless: false, moz:platformVersion: 23.6.0, moz:processID: 62166, moz:profile: /var/folders/4z/44gg19n553v..., moz:shutdownTimeout: 60000, moz:webdriverClick: true, moz:windowless: false, pageLoadStrategy: normal, platformName: mac, proxy: Proxy(), setWindowRect: true, strictFileInteractability: false, timeouts: {implicit: 0, pageLoad: 300000, script: 30000}, unhandledPromptBehavior: dismiss and notify, userAgent: Mozilla/5.0 (Macintosh; Int...}
Session ID: f78d0898-8f10-4e66-9580-cd1fb14db415
	at java.base/jdk.internal.reflect.NativeConstructorAccessorImpl.newInstance0(Native Method)
	at java.base/jdk.internal.reflect.NativeConstructorAccessorImpl.newInstance(NativeConstructorAccessorImpl.java:77)
	at java.base/jdk.internal.reflect.DelegatingConstructorAccessorImpl.newInstance(DelegatingConstructorAccessorImpl.java:45)
	at java.base/java.lang.reflect.Constructor.newInstanceWithCaller(Constructor.java:499)
	at java.base/java.lang.reflect.Constructor.newInstance(Constructor.java:480)
	at org.openqa.selenium.remote.ErrorCodec.decode(ErrorCodec.java:167)
	at org.openqa.selenium.remote.codec.w3c.W3CHttpResponseCodec.decode(W3CHttpResponseCodec.java:138)
	at org.openqa.selenium.remote.codec.w3c.W3CHttpResponseCodec.decode(W3CHttpResponseCodec.java:50)
	at org.openqa.selenium.remote.HttpCommandExecutor.execute(HttpCommandExecutor.java:190)
	at org.openqa.selenium.remote.service.DriverCommandExecutor.invokeExecute(DriverCommandExecutor.java:216)
	at org.openqa.selenium.remote.service.DriverCommandExecutor.execute(DriverCommandExecutor.java:174)
	at org.openqa.selenium.remote.RemoteWebDriver.execute(RemoteWebDriver.java:518)
	at org.openqa.selenium.remote.ElementLocation$ElementFinder$2.findElement(ElementLocation.java:165)
	at org.openqa.selenium.remote.ElementLocation.findElement(ElementLocation.java:59)
	at org.openqa.selenium.remote.RemoteWebDriver.findElement(RemoteWebDriver.java:355)
	at org.openqa.selenium.remote.RemoteWebDriver.findElement(RemoteWebDriver.java:349)
	at stepdefs.LoginStepDefs.i_see_the_below_login_options_present_on_the_screen(LoginStepDefs.java:84)
	at ✽.I see the below login options present on the screen(file:///Users/asitkaran/eclipse-workspace/CucumberProject/src/test/java/features/SimplilearnLogin.feature:38)
]]></error>
    <system-out><![CDATA[
@Simplilearn @U_1000 @Regression
Scenario: Validate the different login options present on the login screen # src/test/java/features/SimplilearnLogin.feature:35
  Given I have launched the application                                    # stepdefs.LoginStepDefs.i_have_launched_the_application()
  And I click on the Login link                                            # stepdefs.LoginStepDefs.i_click_on_the_login_link()
  Then I see the below login options present on the screen                 # stepdefs.LoginStepDefs.i_see_the_below_login_options_present_on_the_screen(java.util.List<java.lang.String>)
      org.openqa.selenium.NoSuchElementException: Unable to locate element: //span[text()='Google']
For documentation on this error, please visit: https://www.selenium.dev/documentation/webdriver/troubleshooting/errors#no-such-element-exception
Build info: version: '4.21.0', revision: '79ed462ef4'
System info: os.name: 'Mac OS X', os.arch: 'x86_64', os.version: '14.6.1', java.version: '17.0.11'
Driver info: org.openqa.selenium.firefox.FirefoxDriver
Command: [f78d0898-8f10-4e66-9580-cd1fb14db415, findElement {using=xpath, value=//span[text()='Google']}]
Capabilities {acceptInsecureCerts: true, browserName: firefox, browserVersion: 129.0.2, moz:accessibilityChecks: false, moz:buildID: 20240819150008, moz:geckodriverVersion: 0.35.0, moz:headless: false, moz:platformVersion: 23.6.0, moz:processID: 62166, moz:profile: /var/folders/4z/44gg19n553v..., moz:shutdownTimeout: 60000, moz:webdriverClick: true, moz:windowless: false, pageLoadStrategy: normal, platformName: mac, proxy: Proxy(), setWindowRect: true, strictFileInteractability: false, timeouts: {implicit: 0, pageLoad: 300000, script: 30000}, unhandledPromptBehavior: dismiss and notify, userAgent: Mozilla/5.0 (Macintosh; Int...}
Session ID: f78d0898-8f10-4e66-9580-cd1fb14db415
	at java.base/jdk.internal.reflect.NativeConstructorAccessorImpl.newInstance0(Native Method)
	at java.base/jdk.internal.reflect.NativeConstructorAccessorImpl.newInstance(NativeConstructorAccessorImpl.java:77)
	at java.base/jdk.internal.reflect.DelegatingConstructorAccessorImpl.newInstance(DelegatingConstructorAccessorImpl.java:45)
	at java.base/java.lang.reflect.Constructor.newInstanceWithCaller(Constructor.java:499)
	at java.base/java.lang.reflect.Constructor.newInstance(Constructor.java:480)
	at org.openqa.selenium.remote.ErrorCodec.decode(ErrorCodec.java:167)
	at org.openqa.selenium.remote.codec.w3c.W3CHttpResponseCodec.decode(W3CHttpResponseCodec.java:138)
	at org.openqa.selenium.remote.codec.w3c.W3CHttpResponseCodec.decode(W3CHttpResponseCodec.java:50)
	at org.openqa.selenium.remote.HttpCommandExecutor.execute(HttpCommandExecutor.java:190)
	at org.openqa.selenium.remote.service.DriverCommandExecutor.invokeExecute(DriverCommandExecutor.java:216)
	at org.openqa.selenium.remote.service.DriverCommandExecutor.execute(DriverCommandExecutor.java:174)
	at org.openqa.selenium.remote.RemoteWebDriver.execute(RemoteWebDriver.java:518)
	at org.openqa.selenium.remote.ElementLocation$ElementFinder$2.findElement(ElementLocation.java:165)
	at org.openqa.selenium.remote.ElementLocation.findElement(ElementLocation.java:59)
	at org.openqa.selenium.remote.RemoteWebDriver.findElement(RemoteWebDriver.java:355)
	at org.openqa.selenium.remote.RemoteWebDriver.findElement(RemoteWebDriver.java:349)
	at stepdefs.LoginStepDefs.i_see_the_below_login_options_present_on_the_screen(LoginStepDefs.java:84)
	at ✽.I see the below login options present on the screen(file:///Users/asitkaran/eclipse-workspace/CucumberProject/src/test/java/features/SimplilearnLogin.feature:38)

]]></system-out>
  </testcase>
</testsuite>